<?xml version="1.0" encoding="UTF-8"?>
<testng-results skipped="0" failed="0" ignored="0" total="9" passed="9">
  <reporter-output>
  </reporter-output>
  <suite name="Surefire suite" duration-ms="45946" started-at="2021-03-15T09:49:19Z" finished-at="2021-03-15T09:50:05Z">
    <groups>
      <group name="cucumber">
        <method signature="AbstractTestNGCucumberTests.runScenario(io.cucumber.testng.PickleWrapper, io.cucumber.testng.FeatureWrapper)[pri:0, instance:testrun.TestRunner@9629756]" name="runScenario" class="io.cucumber.testng.AbstractTestNGCucumberTests"/>
      </group> <!-- cucumber -->
    </groups>
    <test name="Surefire test" duration-ms="45946" started-at="2021-03-15T09:49:19Z" finished-at="2021-03-15T09:50:05Z">
      <class name="testrun.TestRunner">
        <test-method status="PASS" signature="setUpClass()[pri:0, instance:testrun.TestRunner@9629756]" name="setUpClass" is-config="true" duration-ms="432" started-at="2021-03-15T09:49:19Z" finished-at="2021-03-15T09:49:19Z">
          <reporter-output>
          </reporter-output>
        </test-method> <!-- setUpClass -->
        <test-method status="PASS" signature="runScenario(io.cucumber.testng.PickleWrapper, io.cucumber.testng.FeatureWrapper)[pri:0, instance:testrun.TestRunner@9629756]" name="runScenario" duration-ms="6756" started-at="2021-03-15T09:49:19Z" description="Runs Cucumber Scenarios" data-provider="scenarios" finished-at="2021-03-15T09:49:26Z">
          <params>
            <param index="0">
              <value>
                <![CDATA["E2E process of calculating the factorial of an integer"]]>
              </value>
            </param>
            <param index="1">
              <value>
                <![CDATA["Optional[Calculate factorial of an integer]"]]>
              </value>
            </param>
          </params>
          <reporter-output>
          </reporter-output>
        </test-method> <!-- runScenario -->
        <test-method status="PASS" signature="runScenario(io.cucumber.testng.PickleWrapper, io.cucumber.testng.FeatureWrapper)[pri:0, instance:testrun.TestRunner@9629756]" name="runScenario" duration-ms="4790" started-at="2021-03-15T09:49:26Z" description="Runs Cucumber Scenarios" data-provider="scenarios" finished-at="2021-03-15T09:49:31Z">
          <params>
            <param index="0">
              <value>
                <![CDATA["E2E process of calculating the factorial of an integer"]]>
              </value>
            </param>
            <param index="1">
              <value>
                <![CDATA["Optional[Calculate factorial of an integer]"]]>
              </value>
            </param>
          </params>
          <reporter-output>
          </reporter-output>
        </test-method> <!-- runScenario -->
        <test-method status="PASS" signature="runScenario(io.cucumber.testng.PickleWrapper, io.cucumber.testng.FeatureWrapper)[pri:0, instance:testrun.TestRunner@9629756]" name="runScenario" duration-ms="4836" started-at="2021-03-15T09:49:31Z" description="Runs Cucumber Scenarios" data-provider="scenarios" finished-at="2021-03-15T09:49:35Z">
          <params>
            <param index="0">
              <value>
                <![CDATA["E2E process of calculating the factorial of an integer"]]>
              </value>
            </param>
            <param index="1">
              <value>
                <![CDATA["Optional[Calculate factorial of an integer]"]]>
              </value>
            </param>
          </params>
          <reporter-output>
          </reporter-output>
        </test-method> <!-- runScenario -->
        <test-method status="PASS" signature="runScenario(io.cucumber.testng.PickleWrapper, io.cucumber.testng.FeatureWrapper)[pri:0, instance:testrun.TestRunner@9629756]" name="runScenario" duration-ms="4892" started-at="2021-03-15T09:49:35Z" description="Runs Cucumber Scenarios" data-provider="scenarios" finished-at="2021-03-15T09:49:40Z">
          <params>
            <param index="0">
              <value>
                <![CDATA["E2E process of calculating the factorial of an integer"]]>
              </value>
            </param>
            <param index="1">
              <value>
                <![CDATA["Optional[Calculate factorial of an integer]"]]>
              </value>
            </param>
          </params>
          <reporter-output>
          </reporter-output>
        </test-method> <!-- runScenario -->
        <test-method status="PASS" signature="runScenario(io.cucumber.testng.PickleWrapper, io.cucumber.testng.FeatureWrapper)[pri:0, instance:testrun.TestRunner@9629756]" name="runScenario" duration-ms="4821" started-at="2021-03-15T09:49:40Z" description="Runs Cucumber Scenarios" data-provider="scenarios" finished-at="2021-03-15T09:49:45Z">
          <params>
            <param index="0">
              <value>
                <![CDATA["E2E process of calculating the factorial of an integer"]]>
              </value>
            </param>
            <param index="1">
              <value>
                <![CDATA["Optional[Calculate factorial of an integer]"]]>
              </value>
            </param>
          </params>
          <reporter-output>
          </reporter-output>
        </test-method> <!-- runScenario -->
        <test-method status="PASS" signature="runScenario(io.cucumber.testng.PickleWrapper, io.cucumber.testng.FeatureWrapper)[pri:0, instance:testrun.TestRunner@9629756]" name="runScenario" duration-ms="4796" started-at="2021-03-15T09:49:45Z" description="Runs Cucumber Scenarios" data-provider="scenarios" finished-at="2021-03-15T09:49:50Z">
          <params>
            <param index="0">
              <value>
                <![CDATA["E2E process of calculating the factorial of an integer"]]>
              </value>
            </param>
            <param index="1">
              <value>
                <![CDATA["Optional[Calculate factorial of an integer]"]]>
              </value>
            </param>
          </params>
          <reporter-output>
          </reporter-output>
        </test-method> <!-- runScenario -->
        <test-method status="PASS" signature="runScenario(io.cucumber.testng.PickleWrapper, io.cucumber.testng.FeatureWrapper)[pri:0, instance:testrun.TestRunner@9629756]" name="runScenario" duration-ms="4845" started-at="2021-03-15T09:49:50Z" description="Runs Cucumber Scenarios" data-provider="scenarios" finished-at="2021-03-15T09:49:55Z">
          <params>
            <param index="0">
              <value>
                <![CDATA["E2E process of calculating the factorial of an integer"]]>
              </value>
            </param>
            <param index="1">
              <value>
                <![CDATA["Optional[Calculate factorial of an integer]"]]>
              </value>
            </param>
          </params>
          <reporter-output>
          </reporter-output>
        </test-method> <!-- runScenario -->
        <test-method status="PASS" signature="runScenario(io.cucumber.testng.PickleWrapper, io.cucumber.testng.FeatureWrapper)[pri:0, instance:testrun.TestRunner@9629756]" name="runScenario" duration-ms="4888" started-at="2021-03-15T09:49:55Z" description="Runs Cucumber Scenarios" data-provider="scenarios" finished-at="2021-03-15T09:50:00Z">
          <params>
            <param index="0">
              <value>
                <![CDATA["E2E process of calculating the factorial of an integer"]]>
              </value>
            </param>
            <param index="1">
              <value>
                <![CDATA["Optional[Calculate factorial of an integer]"]]>
              </value>
            </param>
          </params>
          <reporter-output>
          </reporter-output>
        </test-method> <!-- runScenario -->
        <test-method status="PASS" signature="runScenario(io.cucumber.testng.PickleWrapper, io.cucumber.testng.FeatureWrapper)[pri:0, instance:testrun.TestRunner@9629756]" name="runScenario" duration-ms="4844" started-at="2021-03-15T09:50:00Z" description="Runs Cucumber Scenarios" data-provider="scenarios" finished-at="2021-03-15T09:50:05Z">
          <params>
            <param index="0">
              <value>
                <![CDATA["E2E process of calculating the factorial of an integer"]]>
              </value>
            </param>
            <param index="1">
              <value>
                <![CDATA["Optional[Calculate factorial of an integer]"]]>
              </value>
            </param>
          </params>
          <reporter-output>
          </reporter-output>
        </test-method> <!-- runScenario -->
        <test-method status="PASS" signature="tearDownClass()[pri:0, instance:testrun.TestRunner@9629756]" name="tearDownClass" is-config="true" duration-ms="17" started-at="2021-03-15T09:50:05Z" finished-at="2021-03-15T09:50:05Z">
          <reporter-output>
          </reporter-output>
        </test-method> <!-- tearDownClass -->
      </class> <!-- testrun.TestRunner -->
    </test> <!-- Surefire test -->
  </suite> <!-- Surefire suite -->
</testng-results>
