<?xml version="1.0" encoding="UTF-8"?>
<!-- Generated by org.testng.reporters.JUnitReportReporter -->
<testsuite skipped="0" hostname="PCDEFRAPC0MAB1H" name="testrun.TestRunner" tests="9" failures="0" timestamp="15 Mär 2021 09:02:56 GMT" time="47.683" errors="0">
  <testcase name="runScenario" time="5.161" classname="testrun.TestRunner"/>
  <testcase name="runScenario" time="5.488" classname="testrun.TestRunner"/>
  <testcase name="runScenario" time="5.213" classname="testrun.TestRunner"/>
  <testcase name="runScenario" time="6.119" classname="testrun.TestRunner"/>
  <testcase name="runScenario" time="5.196" classname="testrun.TestRunner"/>
  <testcase name="runScenario" time="5.136" classname="testrun.TestRunner"/>
  <testcase name="runScenario" time="5.137" classname="testrun.TestRunner"/>
  <testcase name="runScenario" time="5.153" classname="testrun.TestRunner"/>
  <testcase name="runScenario" time="5.080" classname="testrun.TestRunner"/>
</testsuite> <!-- testrun.TestRunner -->
