<?xml version="1.0" encoding="UTF-8"?>
<!-- Generated by org.testng.reporters.JUnitReportReporter -->
<testsuite skipped="0" hostname="PCDEFRAPC0MAB1H" name="testrun.TestRunner" tests="9" failures="0" timestamp="15 Mär 2021 09:50:05 GMT" time="45.468" errors="0">
  <testcase name="runScenario" time="6.756" classname="testrun.TestRunner"/>
  <testcase name="runScenario" time="4.888" classname="testrun.TestRunner"/>
  <testcase name="runScenario" time="4.790" classname="testrun.TestRunner"/>
  <testcase name="runScenario" time="4.844" classname="testrun.TestRunner"/>
  <testcase name="runScenario" time="4.821" classname="testrun.TestRunner"/>
  <testcase name="runScenario" time="4.796" classname="testrun.TestRunner"/>
  <testcase name="runScenario" time="4.836" classname="testrun.TestRunner"/>
  <testcase name="runScenario" time="4.892" classname="testrun.TestRunner"/>
  <testcase name="runScenario" time="4.845" classname="testrun.TestRunner"/>
</testsuite> <!-- testrun.TestRunner -->
