<?xml version="1.0" encoding="UTF-8"?>
<!-- Generated by org.testng.reporters.JUnitReportReporter -->
<testsuite skipped="0" hostname="PCDEFRAPC0MAB1H" name="testrun.TestRunner" tests="7" failures="0" timestamp="13 Mär 2021 18:19:19 GMT" time="44.596" errors="0">
  <testcase name="runScenario" time="11.179" classname="testrun.TestRunner"/>
  <testcase name="runScenario" time="5.586" classname="testrun.TestRunner"/>
  <testcase name="runScenario" time="5.541" classname="testrun.TestRunner"/>
  <testcase name="runScenario" time="5.571" classname="testrun.TestRunner"/>
  <testcase name="runScenario" time="5.578" classname="testrun.TestRunner"/>
  <testcase name="runScenario" time="5.592" classname="testrun.TestRunner"/>
  <testcase name="runScenario" time="5.549" classname="testrun.TestRunner"/>
</testsuite> <!-- testrun.TestRunner -->
