<?xml version="1.0" encoding="UTF-8"?>
<!-- Generated by org.testng.reporters.JUnitXMLReporter -->
<testsuite hostname="PCDEFRAPC0MAB1H" ignored="0" name="Default test" tests="2" failures="0" timestamp="13 Mär 2021 17:30:39 GMT" time="12.913" errors="0">
  <testcase name="runScenario" time="6.744" classname="io.cucumber.testng.AbstractTestNGCucumberTests"/>
  <testcase name="runScenario" time="5.757" classname="io.cucumber.testng.AbstractTestNGCucumberTests"/>
</testsuite> <!-- Default test -->
