<?xml version="1.0" encoding="UTF-8"?>
<!-- Generated by org.testng.reporters.JUnitXMLReporter -->
<testsuite hostname="PCDEFRAPC0MAB1H" ignored="0" name="E2E FacorialTest" tests="2" failures="0" timestamp="13 Mär 2021 17:36:23 GMT" time="17.006" errors="0">
  <testcase name="runScenario" time="10.789" classname="io.cucumber.testng.AbstractTestNGCucumberTests"/>
  <testcase name="runScenario" time="5.838" classname="io.cucumber.testng.AbstractTestNGCucumberTests"/>
</testsuite> <!-- E2E FacorialTest -->
